<?xml version="1.0" encoding="UTF-8"?>
<!-- Generated by org.testng.reporters.JUnitReportReporter -->
<testsuite hostname="anitas-mbp.lan" failures="0" tests="1" name="com.qa.test.TestClass" time="0.009" errors="0" timestamp="2022-08-20T15:45:58 CEST" skipped="0">
  <testcase classname="com.qa.test.TestClass" name="test1" time="0.009"/>
  <system-out/>
</testsuite> <!-- com.qa.test.TestClass -->
